/*C3*/SET SCHEMA PUBLIC
CREATE TABLE IF NOT EXISTS reference_model_objects (id INTEGER NOT NULL PRIMARY KEY GENERATED BY DEFAULT AS IDENTITY (START WITH 1, INCREMENT BY 1),reference_model_class_name VARCHAR(100) NOT NULL,archetype_id VARCHAR(100),node_id VARCHAR(100),unique_id_path VARCHAR(1000),reference_model_path VARCHAR(1000),archetype_path VARCHAR(1000),depth INTEGER,serialized VARCHAR(10000))
DROP TABLE reference_model_objects
CREATE TABLE IF NOT EXISTS reference_model_objects (id INTEGER NOT NULL PRIMARY KEY GENERATED BY DEFAULT AS IDENTITY (START WITH 1, INCREMENT BY 1),reference_model_class_name VARCHAR(100) NOT NULL,archetype_id VARCHAR(100),node_id VARCHAR(100),unique_id_path VARCHAR(1000),reference_model_path VARCHAR(1000),archetype_path VARCHAR(1000),depth INTEGER,serialized VARCHAR(10000))
INSERT INTO REFERENCE_MODEL_OBJECTS VALUES(1,'ehrextract',NULL,NULL,NULL,NULL,NULL,NULL,'reference_model_class_name = <"ehr_extract">ehr_id = <reference_model_class_name = <"II">root = <"somerootvalue">extension = <"1">>')
COMMIT
DELETE FROM REFERENCE_MODEL_OBJECTS WHERE ID=1
INSERT INTO REFERENCE_MODEL_OBJECTS VALUES(1,'ehrextract',NULL,NULL,'/1/','/','/',2,'reference_model_class_name = <"ehr_extract">ehr_id = <reference_model_class_name = <"II">root = <"somerootvalue">extension = <"1">>')
COMMIT
INSERT INTO REFERENCE_MODEL_OBJECTS VALUES(2,'composition','CEN-EN13606-COMPOSITION.InformeClinicoNotaSOIP.v1',NULL,NULL,NULL,NULL,NULL,'reference_model_class_name = <"Composition">attestations = <>links = <>meaning = <reference_model_class_name = <"CDCV">code_system_name = <"CEN-EN13606-COMPOSITION.InformeClinicoNotaSOIP.v1">coding_rationale = <>translation = <>>other_participations = <>policy_ids = <>synthesised = <false>')
COMMIT
DELETE FROM REFERENCE_MODEL_OBJECTS WHERE ID=2
INSERT INTO REFERENCE_MODEL_OBJECTS VALUES(2,'composition','CEN-EN13606-COMPOSITION.InformeClinicoNotaSOIP.v1',NULL,'/1/2/','/all_compositions[1]/','/all_compositions/',3,'reference_model_class_name = <"Composition">attestations = <>links = <>meaning = <reference_model_class_name = <"CDCV">code_system_name = <"CEN-EN13606-COMPOSITION.InformeClinicoNotaSOIP.v1">coding_rationale = <>translation = <>>other_participations = <>policy_ids = <>synthesised = <false>')
COMMIT
INSERT INTO REFERENCE_MODEL_OBJECTS VALUES(3,'section','CEN-EN13606-COMPOSITION.InformeClinicoNotaSOIP.v1','at0003',NULL,NULL,NULL,NULL,'reference_model_class_name = <"Section">links = <>meaning = <reference_model_class_name = <"CDCV">code = <"at0003">code_system_name = <"CEN-EN13606-COMPOSITION.InformeClinicoNotaSOIP.v1">coding_rationale = <>translation = <>>policy_ids = <>synthesised = <false>')
COMMIT
DELETE FROM REFERENCE_MODEL_OBJECTS WHERE ID=3
INSERT INTO REFERENCE_MODEL_OBJECTS VALUES(3,'section','CEN-EN13606-COMPOSITION.InformeClinicoNotaSOIP.v1','at0003','/1/2/3/','/all_compositions[1]/content[1]/','/all_compositions/content[at0003]/',4,'reference_model_class_name = <"Section">links = <>meaning = <reference_model_class_name = <"CDCV">code = <"at0003">code_system_name = <"CEN-EN13606-COMPOSITION.InformeClinicoNotaSOIP.v1">coding_rationale = <>translation = <>>policy_ids = <>synthesised = <false>')
COMMIT
INSERT INTO REFERENCE_MODEL_OBJECTS VALUES(4,'section','CEN-EN13606-SECTION.Objetivo.v1','at0013',NULL,NULL,NULL,NULL,'reference_model_class_name = <"Section">links = <>meaning = <reference_model_class_name = <"CDCV">code = <"at0013">code_system_name = <"CEN-EN13606-SECTION.Objetivo.v1">coding_rationale = <>translation = <>>policy_ids = <>synthesised = <false>')
COMMIT
DELETE FROM REFERENCE_MODEL_OBJECTS WHERE ID=4
INSERT INTO REFERENCE_MODEL_OBJECTS VALUES(4,'section','CEN-EN13606-SECTION.Objetivo.v1','at0013','/1/2/3/4/','/all_compositions[1]/content[1]/members[1]/','/all_compositions/content[at0003]/members[at0013]/',5,'reference_model_class_name = <"Section">links = <>meaning = <reference_model_class_name = <"CDCV">code = <"at0013">code_system_name = <"CEN-EN13606-SECTION.Objetivo.v1">coding_rationale = <>translation = <>>policy_ids = <>synthesised = <false>')
COMMIT
INSERT INTO REFERENCE_MODEL_OBJECTS VALUES(5,'section','CEN-EN13606-SECTION.ExploracionFisica.v1','at0001',NULL,NULL,NULL,NULL,'reference_model_class_name = <"Section">links = <>meaning = <reference_model_class_name = <"CDCV">code = <"at0001">code_system_name = <"CEN-EN13606-SECTION.ExploracionFisica.v1">coding_rationale = <>translation = <>>policy_ids = <>synthesised = <false>')
COMMIT
DELETE FROM REFERENCE_MODEL_OBJECTS WHERE ID=5
INSERT INTO REFERENCE_MODEL_OBJECTS VALUES(5,'section','CEN-EN13606-SECTION.ExploracionFisica.v1','at0001','/1/2/3/4/5/','/all_compositions[1]/content[1]/members[1]/members[1]/','/all_compositions/content[at0003]/members[at0013]/members[at0001]/',6,'reference_model_class_name = <"Section">links = <>meaning = <reference_model_class_name = <"CDCV">code = <"at0001">code_system_name = <"CEN-EN13606-SECTION.ExploracionFisica.v1">coding_rationale = <>translation = <>>policy_ids = <>synthesised = <false>')
COMMIT
INSERT INTO REFERENCE_MODEL_OBJECTS VALUES(6,'section','CEN-EN13606-SECTION.ExploracionAspectoGeneral.v1','at0001',NULL,NULL,NULL,NULL,'reference_model_class_name = <"Section">links = <>meaning = <reference_model_class_name = <"CDCV">code = <"at0001">code_system_name = <"CEN-EN13606-SECTION.ExploracionAspectoGeneral.v1">coding_rationale = <>translation = <>>policy_ids = <>synthesised = <false>')
COMMIT
DELETE FROM REFERENCE_MODEL_OBJECTS WHERE ID=6
INSERT INTO REFERENCE_MODEL_OBJECTS VALUES(6,'section','CEN-EN13606-SECTION.ExploracionAspectoGeneral.v1','at0001','/1/2/3/4/5/6/','/all_compositions[1]/content[1]/members[1]/members[1]/members[1]/','/all_compositions/content[at0003]/members[at0013]/members[at0001]/members[at0001]/',7,'reference_model_class_name = <"Section">links = <>meaning = <reference_model_class_name = <"CDCV">code = <"at0001">code_system_name = <"CEN-EN13606-SECTION.ExploracionAspectoGeneral.v1">coding_rationale = <>translation = <>>policy_ids = <>synthesised = <false>')
COMMIT
INSERT INTO REFERENCE_MODEL_OBJECTS VALUES(7,'entry','CEN-EN13606-SECTION.ExploracionAspectoGeneral.v1','at0016',NULL,NULL,NULL,NULL,'reference_model_class_name = <"Entry">links = <>meaning = <reference_model_class_name = <"CDCV">code = <"at0016">code_system_name = <"CEN-EN13606-SECTION.ExploracionAspectoGeneral.v1">coding_rationale = <>translation = <>>other_participations = <>policy_ids = <>synthesised = <false>uncertainty_expressed = <false>')
COMMIT
DELETE FROM REFERENCE_MODEL_OBJECTS WHERE ID=7
INSERT INTO REFERENCE_MODEL_OBJECTS VALUES(7,'entry','CEN-EN13606-SECTION.ExploracionAspectoGeneral.v1','at0016','/1/2/3/4/5/6/7/','/all_compositions[1]/content[1]/members[1]/members[1]/members[1]/members[1]/','/all_compositions/content[at0003]/members[at0013]/members[at0001]/members[at0001]/members[at0016]/',8,'reference_model_class_name = <"Entry">links = <>meaning = <reference_model_class_name = <"CDCV">code = <"at0016">code_system_name = <"CEN-EN13606-SECTION.ExploracionAspectoGeneral.v1">coding_rationale = <>translation = <>>other_participations = <>policy_ids = <>synthesised = <false>uncertainty_expressed = <false>')
COMMIT
INSERT INTO REFERENCE_MODEL_OBJECTS VALUES(8,'element',NULL,NULL,NULL,NULL,NULL,NULL,'reference_model_class_name = <"Element">links = <>name = <reference_model_class_name = <"CDCV">coding_rationale = <>display_name = <reference_model_class_name = <"ST">translation = <>value = <"Estado general">>translation = <>>policy_ids = <>synthesised = <false>value = <reference_model_class_name = <"CDCV">code = <"135815002">code_system = <"ac0003">coding_rationale = <>translation = <>>')
COMMIT
DELETE FROM REFERENCE_MODEL_OBJECTS WHERE ID=8
INSERT INTO REFERENCE_MODEL_OBJECTS VALUES(8,'element',NULL,NULL,'/1/2/3/4/5/6/7/8/','/all_compositions[1]/content[1]/members[1]/members[1]/members[1]/members[1]/items[1]/','/all_compositions/content[at0003]/members[at0013]/members[at0001]/members[at0001]/members[at0016]/items/',9,'reference_model_class_name = <"Element">links = <>name = <reference_model_class_name = <"CDCV">coding_rationale = <>display_name = <reference_model_class_name = <"ST">translation = <>value = <"Estado general">>translation = <>>policy_ids = <>synthesised = <false>value = <reference_model_class_name = <"CDCV">code = <"135815002">code_system = <"ac0003">coding_rationale = <>translation = <>>')
COMMIT
